# JRE version: OpenJDK Runtime Environment (8.0_202-b03) (build 1.8.0_202-release-1483-b03)
# Java VM: OpenJDK 64-Bit Server VM (25.202-b03 mixed mode windows-amd64 compressed oops)
Heap:
 PSYoungGen      total 193536K, used 91684K [0x00000000e0000000, 0x00000000ee400000, 0x0000000100000000)
  eden space 175104K, 42% used [0x00000000e0000000,0x00000000e4809070,0x00000000eab00000)
  from space 18432K, 97% used [0x00000000eb080000,0x00000000ec2000b0,0x00000000ec280000)
  to   space 29184K, 0% used [0x00000000ec780000,0x00000000ec780000,0x00000000ee400000)
 ParOldGen       total 136704K, used 48578K [0x00000000a0000000, 0x00000000a8580000, 0x00000000e0000000)
  object space 136704K, 35% used [0x00000000a0000000,0x00000000a2f70aa8,0x00000000a8580000)
 Metaspace       used 95622K, capacity 99644K, committed 99928K, reserved 1136640K
  class space    used 12504K, capacity 13222K, committed 13400K, reserved 1048576K
GC Heap History (10 events):
Event: 4362.517 GC heap before
{Heap before GC invocations=25 (full 4):
 PSYoungGen      total 192512K, used 25889K [0x00000000e0000000, 0x00000000edd80000, 0x0000000100000000)
  eden space 165376K, 0% used [0x00000000e0000000,0x00000000e0000000,0x00000000ea180000)
  from space 27136K, 95% used [0x00000000ea180000,0x00000000ebac86c8,0x00000000ebc00000)
  to   space 30720K, 0% used [0x00000000ebf80000,0x00000000ebf80000,0x00000000edd80000)
 ParOldGen       total 136704K, used 52605K [0x00000000a0000000, 0x00000000a8580000, 0x00000000e0000000)
  object space 136704K, 38% used [0x00000000a0000000,0x00000000a335f778,0x00000000a8580000)
 Metaspace       used 79968K, capacity 83206K, committed 83416K, reserved 1122304K
  class space    used 10450K, capacity 11115K, committed 11224K, reserved 1048576K
Event: 4362.962 GC heap after
Heap after GC invocations=25 (full 4):
 PSYoungGen      total 192512K, used 0K [0x00000000e0000000, 0x00000000edd80000, 0x0000000100000000)
  eden space 165376K, 0% used [0x00000000e0000000,0x00000000e0000000,0x00000000ea180000)
  from space 27136K, 0% used [0x00000000ea180000,0x00000000ea180000,0x00000000ebc00000)
  to   space 30720K, 0% used [0x00000000ebf80000,0x00000000ebf80000,0x00000000edd80000)
 ParOldGen       total 136704K, used 48546K [0x00000000a0000000, 0x00000000a8580000, 0x00000000e0000000)
  object space 136704K, 35% used [0x00000000a0000000,0x00000000a2f68aa8,0x00000000a8580000)
 Metaspace       used 78200K, capacity 80614K, committed 83416K, reserved 1122304K
  class space    used 10079K, capacity 10584K, committed 11224K, reserved 1048576K
}
Event: 4404.780 GC heap before
{Heap before GC invocations=26 (full 4):
 PSYoungGen      total 192512K, used 165376K [0x00000000e0000000, 0x00000000edd80000, 0x0000000100000000)
  eden space 165376K, 100% used [0x00000000e0000000,0x00000000ea180000,0x00000000ea180000)
  from space 27136K, 0% used [0x00000000ea180000,0x00000000ea180000,0x00000000ebc00000)
  to   space 30720K, 0% used [0x00000000ebf80000,0x00000000ebf80000,0x00000000edd80000)
 ParOldGen       total 136704K, used 48546K [0x00000000a0000000, 0x00000000a8580000, 0x00000000e0000000)
  object space 136704K, 35% used [0x00000000a0000000,0x00000000a2f68aa8,0x00000000a8580000)
 Metaspace       used 84838K, capacity 87558K, committed 89176K, reserved 1126400K
  class space    used 10942K, capacity 11495K, committed 11864K, reserved 1048576K
Event: 4404.804 GC heap after
Heap after GC invocations=26 (full 4):
 PSYoungGen      total 197632K, used 13153K [0x00000000e0000000, 0x00000000eed80000, 0x0000000100000000)
  eden space 166912K, 0% used [0x00000000e0000000,0x00000000e0000000,0x00000000ea300000)
  from space 30720K, 42% used [0x00000000ebf80000,0x00000000ecc58678,0x00000000edd80000)
  to   space 29184K, 0% used [0x00000000ea300000,0x00000000ea300000,0x00000000ebf80000)
 ParOldGen       total 136704K, used 48554K [0x00000000a0000000, 0x00000000a8580000, 0x00000000e0000000)
  object space 136704K, 35% used [0x00000000a0000000,0x00000000a2f6aaa8,0x00000000a8580000)
 Metaspace       used 84838K, capacity 87558K, committed 89176K, reserved 1126400K
  class space    used 10942K, capacity 11495K, committed 11864K, reserved 1048576K
}
Event: 4417.876 GC heap before
{Heap before GC invocations=27 (full 4):
 PSYoungGen      total 197632K, used 180065K [0x00000000e0000000, 0x00000000eed80000, 0x0000000100000000)
  eden space 166912K, 100% used [0x00000000e0000000,0x00000000ea300000,0x00000000ea300000)
  from space 30720K, 42% used [0x00000000ebf80000,0x00000000ecc58678,0x00000000edd80000)
  to   space 29184K, 0% used [0x00000000ea300000,0x00000000ea300000,0x00000000ebf80000)
 ParOldGen       total 136704K, used 48554K [0x00000000a0000000, 0x00000000a8580000, 0x00000000e0000000)
  object space 136704K, 35% used [0x00000000a0000000,0x00000000a2f6aaa8,0x00000000a8580000)
 Metaspace       used 94704K, capacity 98498K, committed 98776K, reserved 1134592K
  class space    used 12458K, capacity 13145K, committed 13272K, reserved 1048576K
Event: 4417.918 GC heap after
Heap after GC invocations=27 (full 4):
 PSYoungGen      total 196096K, used 21061K [0x00000000e0000000, 0x00000000eef00000, 0x0000000100000000)
  eden space 166912K, 0% used [0x00000000e0000000,0x00000000e0000000,0x00000000ea300000)
  from space 29184K, 72% used [0x00000000ea300000,0x00000000eb791488,0x00000000ebf80000)
  to   space 30208K, 0% used [0x00000000ed180000,0x00000000ed180000,0x00000000eef00000)
 ParOldGen       total 136704K, used 48562K [0x00000000a0000000, 0x00000000a8580000, 0x00000000e0000000)
  object space 136704K, 35% used [0x00000000a0000000,0x00000000a2f6caa8,0x00000000a8580000)
 Metaspace       used 94704K, capacity 98498K, committed 98776K, reserved 1134592K
  class space    used 12458K, capacity 13145K, committed 13272K, reserved 1048576K
}
Event: 4711.753 GC heap before
{Heap before GC invocations=28 (full 4):
 PSYoungGen      total 196096K, used 187973K [0x00000000e0000000, 0x00000000eef00000, 0x0000000100000000)
  eden space 166912K, 100% used [0x00000000e0000000,0x00000000ea300000,0x00000000ea300000)
  from space 29184K, 72% used [0x00000000ea300000,0x00000000eb791488,0x00000000ebf80000)
  to   space 30208K, 0% used [0x00000000ed180000,0x00000000ed180000,0x00000000eef00000)
 ParOldGen       total 136704K, used 48562K [0x00000000a0000000, 0x00000000a8580000, 0x00000000e0000000)
  object space 136704K, 35% used [0x00000000a0000000,0x00000000a2f6caa8,0x00000000a8580000)
 Metaspace       used 94996K, capacity 98882K, committed 99160K, reserved 1134592K
  class space    used 12478K, capacity 13177K, committed 13400K, reserved 1048576K
Event: 4711.785 GC heap after
Heap after GC invocations=28 (full 4):
 PSYoungGen      total 206336K, used 16656K [0x00000000e0000000, 0x00000000eea80000, 0x0000000100000000)
  eden space 180736K, 0% used [0x00000000e0000000,0x00000000e0000000,0x00000000eb080000)
  from space 25600K, 65% used [0x00000000ed180000,0x00000000ee1c40c0,0x00000000eea80000)
  to   space 29696K, 0% used [0x00000000eb080000,0x00000000eb080000,0x00000000ecd80000)
 ParOldGen       total 136704K, used 48570K [0x00000000a0000000, 0x00000000a8580000, 0x00000000e0000000)
  object space 136704K, 35% used [0x00000000a0000000,0x00000000a2f6eaa8,0x00000000a8580000)
 Metaspace       used 94996K, capacity 98882K, committed 99160K, reserved 1134592K
  class space    used 12478K, capacity 13177K, committed 13400K, reserved 1048576K
}
Event: 5056.908 GC heap before
{Heap before GC invocations=29 (full 4):
 PSYoungGen      total 206336K, used 197392K [0x00000000e0000000, 0x00000000eea80000, 0x0000000100000000)
  eden space 180736K, 100% used [0x00000000e0000000,0x00000000eb080000,0x00000000eb080000)
  from space 25600K, 65% used [0x00000000ed180000,0x00000000ee1c40c0,0x00000000eea80000)
  to   space 29696K, 0% used [0x00000000eb080000,0x00000000eb080000,0x00000000ecd80000)
 ParOldGen       total 136704K, used 48570K [0x00000000a0000000, 0x00000000a8580000, 0x00000000e0000000)
  object space 136704K, 35% used [0x00000000a0000000,0x00000000a2f6eaa8,0x00000000a8580000)
 Metaspace       used 95314K, capacity 99296K, committed 99672K, reserved 1136640K
  class space    used 12503K, capacity 13222K, committed 13400K, reserved 1048576K
Event: 5056.996 GC heap after
Heap after GC invocations=29 (full 4):
 PSYoungGen      total 193536K, used 17920K [0x00000000e0000000, 0x00000000ee400000, 0x0000000100000000)
  eden space 175104K, 0% used [0x00000000e0000000,0x00000000e0000000,0x00000000eab00000)
  from space 18432K, 97% used [0x00000000eb080000,0x00000000ec2000b0,0x00000000ec280000)
  to   space 29184K, 0% used [0x00000000ec780000,0x00000000ec780000,0x00000000ee400000)
 ParOldGen       total 136704K, used 48578K [0x00000000a0000000, 0x00000000a8580000, 0x00000000e0000000)
  object space 136704K, 35% used [0x00000000a0000000,0x00000000a2f70aa8,0x00000000a8580000)
 Metaspace       used 95314K, capacity 99296K, committed 99672K, reserved 1136640K
  class space    used 12503K, capacity 13222K, committed 13400K, reserved 1048576K
}

